[2015-01-22 14:43:39] START
[2015-01-22 14:43:39] EDIT shop/controllers/bill.py: 0
[2015-01-22 14:47:57] EDIT shop/modules/rates_lib.py: 4
[2015-01-22 23:28:42] EDIT shop/modules/db_client.py: 0
[2015-01-22 23:30:07] EDIT shop/modules/db_client.py: 0
[2015-01-22 23:32:39] EDIT shop/modules/db_client.py: 0
[2015-01-22 23:35:42] EDIT shop/modules/common.py: 3
[2015-01-22 23:37:11] EDIT shop/modules/common.py: 0
[2015-01-23 12:20:02] EDIT shop/modules/rates_lib.py: 0
[2015-01-24 22:07:45] EDIT shop/modules/orders_lib.py: 1
[2015-01-24 22:08:45] EDIT shop/modules/orders_lib.py: 1
[2015-01-24 22:32:03] EDIT shop/modules/orders_lib.py: 0
[2015-01-25 17:37:55] EDIT shop/modules/shops_lib.py: 0
[2015-01-25 17:39:19] EDIT shop/modules/shops_lib.py: 0
[2015-01-26 13:42:00] EDIT shop/models/db.py: 0
[2015-01-29 09:25:58] EDIT shop/models/db.py: 1
[2015-01-29 09:42:12] EDIT shop/controllers/tools.py: 7
[2015-01-29 09:43:06] EDIT shop/controllers/tools.py: 0
[2015-01-29 09:50:07] EDIT shop/controllers/tools.py: 0
[2015-01-29 09:54:00] EDIT shop/controllers/tools.py: 4
[2015-01-29 09:54:32] EDIT shop/controllers/tools.py: -11
[2015-01-29 09:57:02] EDIT shop/modules/cp_api.py: 9
[2015-01-29 09:58:34] EDIT shop/modules/cp_api.py: 2
[2015-01-29 10:00:39] EDIT shop/controllers/api.py: 3
[2015-01-29 10:02:24] EDIT shop/modules/cp_api.py: 0
[2015-01-29 10:13:31] EDIT shop/modules/cp_api.py: 10
[2015-01-29 10:14:42] EDIT shop/modules/cp_api.py: 0
[2015-01-29 10:17:55] EDIT shop/controllers/api.py: 0
[2015-01-29 10:18:00] EDIT shop/modules/cp_api.py: 0
[2015-01-29 10:18:29] EDIT shop/controllers/api.py: 0
[2015-01-29 10:18:51] EDIT shop/modules/cp_api.py: 0
[2015-01-29 10:21:27] EDIT shop/modules/cp_api.py: 0
[2015-01-29 10:22:14] EDIT shop/modules/cp_api.py: 0
[2015-01-29 10:22:50] EDIT shop/modules/cp_api.py: 0
[2015-01-29 10:24:01] EDIT shop/modules/cp_api.py: 3
[2015-01-29 10:27:29] EDIT shop/modules/cp_api.py: 34
[2015-01-29 10:28:31] EDIT shop/modules/cp_api.py: 1
[2015-01-29 10:28:55] EDIT shop/modules/cp_api.py: 0
[2015-01-29 10:29:25] EDIT shop/modules/cp_api.py: 1
[2015-01-29 10:30:25] EDIT shop/modules/cp_api.py: 1
[2015-01-29 10:33:33] EDIT shop/modules/cp_api.py: -1
[2015-01-29 10:37:08] EDIT shop/modules/cp_api.py: 11
[2015-01-29 10:41:14] EDIT shop/modules/cp_api.py: 10
[2015-01-29 10:42:04] EDIT shop/modules/cp_api.py: 0
[2015-01-29 10:42:09] EDIT shop/modules/cp_api.py: 0
[2015-01-29 10:43:02] EDIT shop/modules/cp_api.py: 0
[2015-01-29 10:43:29] EDIT shop/modules/cp_api.py: 0
[2015-01-29 10:44:03] EDIT shop/modules/cp_api.py: 0
[2015-01-29 10:44:58] EDIT shop/modules/cp_api.py: 0
[2015-01-29 10:50:24] EDIT shop/modules/cp_api.py: 5
[2015-01-29 10:51:17] EDIT shop/modules/cp_api.py: 0
[2015-01-29 10:52:13] EDIT shop/modules/cp_api.py: 1
[2015-01-29 10:58:44] EDIT shop/modules/cp_api.py: 1
[2015-01-29 11:02:45] EDIT shop/modules/cp_api.py: 1
[2015-01-29 11:04:37] EDIT shop/modules/cp_api.py: 2
[2015-01-29 11:07:07] EDIT shop/modules/cp_api.py: 0
[2015-01-30 11:28:57] EDIT shop/modules/crypto_client.py: 0
[2015-01-30 11:31:19] EDIT shop/modules/crypto_client.py: 0
[2015-01-30 11:31:28] EDIT shop/modules/crypto_client.py: 0
[2015-01-30 12:49:21] EDIT shop/modules/db_common.py: 0
[2015-01-30 12:52:47] EDIT shop/controllers/api.py: 9
[2015-01-30 12:55:30] EDIT shop/modules/db_common.py: 0
[2015-01-30 13:04:56] EDIT shop/modules/db_common.py: 0
[2015-01-30 13:07:04] EDIT shop/modules/db_common.py: 0
[2015-01-30 13:07:15] EDIT shop/modules/db_common.py: 0
[2015-01-30 13:36:04] EDIT shop/controllers/shops_priv.py: 0
[2015-01-30 13:42:48] EDIT shop/models/db.py: 0
[2015-01-30 13:45:15] EDIT shop/controllers/shops_priv.py: 5
[2015-01-30 13:45:24] EDIT shop/controllers/shops_priv.py: 0
[2015-01-30 13:49:14] EDIT shop/controllers/shops_priv.py: 1
[2015-01-30 13:49:31] EDIT shop/models/db.py: 0
[2015-01-30 13:53:41] EDIT shop/controllers/shops_priv.py: 1
[2015-01-30 13:53:59] EDIT shop/controllers/shops_priv.py: 0
[2015-01-30 13:54:53] EDIT shop/controllers/shops_priv.py: 0
[2015-01-30 13:55:21] EDIT shop/controllers/shops_priv.py: 0
[2015-01-30 13:56:02] EDIT shop/controllers/shops_priv.py: 0
[2015-01-30 13:56:37] EDIT shop/controllers/shops_priv.py: 2
[2015-01-30 14:04:07] EDIT shop/controllers/shops_priv.py: -1
[2015-01-30 14:04:21] EDIT shop/controllers/shops_priv.py: 0
[2015-01-30 14:05:17] EDIT shop/controllers/shops_priv.py: 0
[2015-01-30 14:06:35] EDIT shop/controllers/shops_priv.py: 1
[2015-01-30 14:09:43] EDIT shop/controllers/shops_priv.py: 3
[2015-01-30 14:13:51] EDIT shop/controllers/shops_priv.py: 3
[2015-01-30 14:19:27] EDIT shop/controllers/shops_priv.py: 2
[2015-01-30 14:20:24] EDIT shop/controllers/shops_priv.py: 0
[2015-01-30 14:20:49] EDIT shop/controllers/shops_priv.py: 2
[2015-01-30 16:01:13] EDIT shop/modules/shops_lib.py: 0
[2015-01-31 17:59:22] EDIT shop/modules/shops_lib.py: 1
[2015-01-31 18:03:57] EDIT shop/modules/shops_lib.py: 0
[2015-01-31 18:04:45] EDIT shop/modules/shops_lib.py: 2
[2015-01-31 18:09:05] EDIT shop/modules/shops_lib.py: 0
[2015-01-31 18:09:36] EDIT shop/modules/shops_lib.py: 0
[2015-01-31 18:10:29] EDIT shop/modules/shops_lib.py: 1
[2015-01-31 18:14:18] EDIT shop/modules/shops_lib.py: 0
[2015-01-31 18:14:27] EDIT shop/modules/shops_lib.py: 0
[2015-01-31 18:15:06] EDIT shop/modules/shops_lib.py: 0
[2015-01-31 18:15:20] EDIT shop/modules/shops_lib.py: 0
[2015-01-31 18:15:28] EDIT shop/modules/shops_lib.py: 0
[2015-01-31 18:16:14] EDIT shop/modules/shops_lib.py: 1
[2015-02-04 10:42:48] EDIT shop/controllers/add.py: 1
[2015-02-04 10:44:34] EDIT shop/controllers/add.py: 1
[2015-02-04 10:47:01] EDIT shop/models/db.py: -1
[2015-02-06 23:18:03] EDIT shop/modules/cp_api.py: 1
[2015-02-12 12:49:42] EDIT shop/modules/shops_lib.py: 0
[2015-02-12 14:00:08] EDIT shop/modules/shops_lib.py: 0
[2015-02-12 14:04:07] EDIT shop/modules/shops_lib.py: 0
[2015-02-12 14:20:07] EDIT shop/modules/serv_notes.py: 0
[2015-02-12 14:21:49] EDIT shop/modules/serv_notes.py: 0
[2015-02-12 14:22:36] EDIT shop/modules/shops_lib.py: 0
[2015-02-12 14:31:54] EDIT shop/modules/serv_notes.py: 1
[2015-02-12 14:33:31] EDIT shop/modules/shops_lib.py: 0
[2015-02-12 14:33:56] EDIT shop/modules/shops_lib.py: 0
[2015-02-12 14:34:36] EDIT shop/modules/shops_lib.py: 1
[2015-02-12 14:35:49] EDIT shop/modules/shops_lib.py: 0
[2015-02-12 14:36:24] EDIT shop/modules/shops_lib.py: 0
[2015-02-18 13:07:57] EDIT shop/modules/cp_api.py: 1
[2015-02-18 13:08:10] EDIT shop/modules/cp_api.py: 0
[2015-02-18 13:08:16] EDIT shop/modules/cp_api.py: 0
[2015-02-18 13:10:35] EDIT shop/modules/cp_api.py: 0
[2015-02-18 13:11:24] EDIT shop/modules/cp_api.py: 0
[2015-02-18 13:12:16] EDIT shop/modules/cp_api.py: 0
[2015-02-18 13:12:43] EDIT shop/modules/cp_api.py: 0
[2015-02-18 13:13:09] EDIT shop/modules/cp_api.py: 0
[2015-02-18 13:19:16] EDIT shop/modules/cp_api.py: 0
[2015-02-18 13:19:36] EDIT shop/modules/cp_api.py: 0
[2015-02-18 13:19:51] EDIT shop/modules/cp_api.py: 0
[2015-02-18 13:20:09] EDIT shop/modules/cp_api.py: 0
[2015-02-18 13:57:44] EDIT shop/modules/cp_api.py: 4
[2015-02-18 13:57:59] EDIT shop/modules/cp_api.py: 0
[2015-02-18 13:58:42] EDIT shop/modules/cp_api.py: 0
[2015-02-18 14:02:02] EDIT shop/modules/cp_api.py: 3
[2015-03-10 21:42:56] EDIT shop/modules/serv_rates.py: 48
[2015-03-11 14:43:59] EDIT shop/modules/shops_lib.py: 1
[2015-03-11 14:59:58] EDIT shop/modules/shops_lib.py: 0
[2015-03-11 15:07:31] EDIT shop/modules/shops_lib.py: 2
[2015-03-11 15:32:05] EDIT shop/modules/shops_lib.py: 1
[2015-03-11 15:49:57] EDIT shop/modules/shops_lib.py: -4
[2015-03-11 15:50:17] EDIT shop/modules/shops_lib.py: 0
[2015-03-11 15:51:06] EDIT shop/modules/shops_lib.py: 0
[2015-03-11 15:57:05] EDIT shop/modules/shops_lib.py: 0
[2015-03-11 15:57:47] EDIT shop/modules/shops_lib.py: 0
[2015-03-11 15:58:33] EDIT shop/modules/shops_lib.py: 0
[2015-03-11 15:59:20] EDIT shop/modules/shops_lib.py: 0
[2015-03-11 16:03:08] EDIT shop/modules/shops_lib.py: 1
[2015-03-11 16:03:44] EDIT shop/modules/shops_lib.py: 0
[2015-03-11 16:21:18] EDIT shop/modules/shops_lib.py: 0
[2015-03-12 09:30:01] EDIT shop/controllers/bills_priv.py: -91
[2015-03-12 09:31:12] EDIT shop/controllers/bills_priv.py: 0
[2015-03-12 09:32:44] EDIT shop/controllers/bills_priv.py: 0
[2015-03-12 09:32:58] EDIT shop/controllers/bills_priv.py: 0
[2015-03-12 09:33:45] EDIT shop/controllers/bills_priv.py: 0
[2015-03-12 09:34:39] EDIT shop/controllers/bills_priv.py: 0
[2015-03-12 09:35:16] EDIT shop/controllers/bills_priv.py: 0
[2015-03-12 09:37:25] EDIT shop/controllers/bills_priv.py: 0
[2015-03-12 09:37:34] EDIT shop/controllers/bills_priv.py: 0
[2015-03-12 09:38:07] EDIT shop/controllers/bills_priv.py: 2
[2015-03-12 09:38:51] EDIT shop/controllers/bills_priv.py: 0
[2015-03-12 13:35:39] EDIT shop/modules/cp_api.py: 3
[2015-03-12 13:38:03] EDIT shop/modules/cp_api.py: 2
[2015-03-12 13:47:04] EDIT shop/modules/cp_api.py: 0
[2015-03-12 14:15:05] EDIT shop/modules/rates_lib.py: 18
[2015-03-12 20:44:57] EDIT shop/modules/paypal_currs.py: 6
[2015-03-12 20:53:51] EDIT shop/modules/paypal_currs.py: 0
[2015-03-12 22:01:36] EDIT shop/modules/serv_rates.py: -26
[2015-03-12 22:03:02] EDIT shop/modules/serv_rates.py: 0
[2015-03-12 22:06:44] EDIT shop/modules/serv_rates.py: 1
[2015-03-12 22:08:27] EDIT shop/modules/serv_rates.py: 0
[2015-03-12 22:09:49] EDIT shop/modules/serv_rates.py: 0
[2015-03-12 22:17:36] EDIT shop/modules/serv_rates.py: 10
[2015-03-12 22:18:56] EDIT shop/modules/serv_rates.py: 4
[2015-03-12 22:20:12] EDIT shop/modules/serv_rates.py: 0
[2015-03-12 22:25:16] EDIT shop/modules/serv_rates.py: 5
[2015-03-12 22:25:28] EDIT shop/modules/serv_rates.py: 0
[2015-03-12 22:28:46] EDIT shop/modules/serv_rates.py: 0
[2015-03-12 22:29:35] EDIT shop/modules/serv_rates.py: 0
[2015-03-12 22:31:21] EDIT shop/modules/serv_rates.py: 1
[2015-03-12 22:33:52] EDIT shop/modules/serv_rates.py: 0
[2015-03-12 22:34:04] EDIT shop/modules/serv_rates.py: 0
[2015-03-13 06:54:52] EDIT shop/modules/serv_rates.py: 1
[2015-03-13 06:57:19] EDIT shop/modules/serv_rates.py: 0
[2015-03-13 06:59:28] EDIT shop/modules/serv_rates.py: 0
[2015-03-13 06:59:37] EDIT shop/modules/serv_rates.py: -1
[2015-03-13 07:05:10] EDIT shop/modules/serv_rates.py: 0
[2015-03-13 07:05:30] EDIT shop/modules/serv_rates.py: 1
[2015-03-13 07:08:03] EDIT shop/modules/serv_rates.py: 0
[2015-03-13 07:09:15] EDIT shop/modules/serv_rates.py: 0
[2015-03-13 07:10:13] EDIT shop/modules/serv_rates.py: -6
[2015-03-13 07:21:41] EDIT shop/modules/serv_rates.py: 1
[2015-03-13 07:22:22] EDIT shop/modules/serv_rates.py: 0
[2015-03-13 07:22:39] EDIT shop/modules/serv_rates.py: 1
[2015-03-13 08:15:11] EDIT shop/modules/serv_rates.py: -1
[2015-03-13 08:18:15] EDIT shop/modules/serv_rates.py: 1
[2015-03-13 08:19:54] EDIT shop/modules/serv_rates.py: 0
[2015-03-13 08:20:00] EDIT shop/modules/db_common.py: -1
[2015-03-13 08:21:39] EDIT shop/modules/serv_rates.py: 2
[2015-03-13 08:22:46] EDIT shop/modules/serv_rates.py: 0
[2015-03-13 08:24:23] EDIT shop/modules/db_common.py: 0
[2015-03-13 08:26:04] EDIT shop/modules/serv_rates.py: 0
[2015-03-13 08:26:30] EDIT shop/modules/serv_rates.py: 0
[2015-03-13 08:28:13] EDIT shop/modules/serv_rates.py: 0
[2015-03-13 08:36:01] EDIT shop/modules/paypal_currs.py: 1
[2015-03-13 08:36:07] EDIT shop/modules/paypal_currs.py: 0
[2015-03-13 08:51:58] EDIT shop/controllers/tools.py: 0
[2015-03-13 20:46:38] EDIT shop/modules/common.py: 0
[2015-03-13 20:52:09] EDIT shop/modules/common.py: 2
[2015-03-13 21:01:44] EDIT shop/modules/common.py: 2
[2015-03-13 21:03:37] EDIT shop/controllers/tools.py: 3
[2015-03-13 21:05:04] EDIT shop/modules/common.py: 1
[2015-03-13 21:09:37] EDIT shop/modules/common.py: 1
[2015-03-13 21:11:12] EDIT shop/modules/common.py: 0
[2015-03-13 21:11:41] EDIT shop/modules/common.py: 0
[2015-03-13 21:12:15] EDIT shop/modules/common.py: 0
[2015-03-13 21:12:56] EDIT shop/modules/common.py: 0
[2015-03-13 21:20:35] EDIT shop/modules/common.py: 0
[2015-03-13 21:36:46] EDIT shop/modules/cp_api.py: 3
[2015-03-13 21:39:41] EDIT shop/modules/cp_api.py: 4
[2015-03-13 21:41:07] EDIT shop/modules/cp_api.py: 2
[2015-03-13 21:42:13] EDIT shop/modules/cp_api.py: 2
[2015-03-13 21:44:04] EDIT shop/modules/cp_api.py: 0
[2015-03-13 21:48:40] EDIT shop/modules/cp_api.py: 11
[2015-03-13 21:49:38] EDIT shop/modules/cp_api.py: 2
[2015-03-13 21:50:21] EDIT shop/modules/cp_api.py: 2
[2015-03-13 21:52:12] EDIT shop/modules/cp_api.py: 2
[2015-03-13 21:52:21] EDIT shop/modules/cp_api.py: 0
[2015-03-13 21:53:42] EDIT shop/modules/cp_api.py: 0
[2015-03-13 21:56:07] EDIT shop/modules/cp_api.py: 0
[2015-03-13 21:58:23] EDIT shop/controllers/bill.py: 5
[2015-03-13 22:01:15] EDIT shop/controllers/bill.py: 3
[2015-03-13 22:07:38] EDIT shop/modules/common.py: 0
[2015-03-13 22:08:35] EDIT shop/modules/common.py: 0
[2015-03-13 22:08:50] EDIT shop/controllers/tools.py: 0
[2015-03-13 22:09:21] EDIT shop/modules/common.py: -1
[2015-03-13 22:09:59] EDIT shop/modules/common.py: 0
[2015-03-13 22:11:43] EDIT shop/modules/cp_api.py: 0
[2015-03-13 22:13:27] EDIT shop/controllers/bill.py: 0
[2015-03-13 22:27:20] EDIT shop/modules/cp_api.py: 0
[2015-03-13 22:28:22] EDIT shop/modules/cp_api.py: 0
[2015-03-19 10:34:50] EDIT shop/models/db.py: 7
[2015-03-19 10:35:10] EDIT shop/models/0.py: 0
[2015-03-19 10:57:10] EDIT shop/modules/serv_rates.py: 1
[2015-03-19 10:59:27] EDIT shop/modules/serv_rates.py: 0
[2015-03-19 11:00:00] EDIT shop/modules/serv_rates.py: 0
[2015-03-19 11:02:10] EDIT shop/modules/serv_rates.py: 0
[2015-03-19 11:02:48] EDIT shop/modules/serv_rates.py: 0
[2015-03-19 11:04:05] EDIT shop/modules/serv_rates.py: 0
[2015-03-19 11:09:15] EDIT shop/modules/serv_rates.py: 0
[2015-03-19 11:10:34] EDIT shop/modules/serv_rates.py: -1
[2015-03-19 11:15:49] EDIT shop/modules/rates_lib.py: 0
[2015-03-19 11:21:46] EDIT shop/modules/rates_lib.py: 0
[2015-03-19 11:25:12] EDIT shop/modules/serv_rates.py: 3
[2015-03-19 11:25:18] EDIT shop/modules/serv_rates.py: 0
[2015-03-19 11:26:11] EDIT shop/modules/rates_lib.py: 1
[2015-03-19 11:26:39] EDIT shop/modules/rates_lib.py: 0
[2015-03-19 11:27:14] EDIT shop/modules/serv_rates.py: 0
[2015-03-19 11:27:19] EDIT shop/modules/serv_rates.py: 0
[2015-03-19 11:28:04] EDIT shop/modules/serv_rates.py: 1
[2015-03-19 11:29:06] EDIT shop/modules/serv_rates.py: -15
[2015-03-19 11:30:14] EDIT shop/modules/serv_rates.py: 2
[2015-03-19 11:32:40] EDIT shop/modules/rates_lib.py: 4
[2015-03-19 11:33:41] EDIT shop/modules/rates_lib.py: 0
[2015-03-19 11:34:19] EDIT shop/modules/serv_rates.py: 0
[2015-03-19 11:34:51] EDIT shop/modules/serv_rates.py: 0
[2015-03-19 11:36:35] EDIT shop/modules/serv_rates.py: 0
[2015-03-19 12:30:03] EDIT shop/modules/orders_lib.py: 0
[2015-03-19 12:30:35] EDIT shop/modules/orders_lib.py: 0
[2015-03-19 12:33:19] EDIT shop/modules/orders_lib.py: 1
[2015-03-19 12:33:55] EDIT shop/modules/orders_lib.py: 0
[2015-03-19 12:36:05] EDIT shop/modules/rates_lib.py: 0
[2015-03-19 12:37:17] EDIT shop/modules/rates_lib.py: 0
[2015-03-19 12:38:56] EDIT shop/modules/rates_lib.py: 1
[2015-03-19 12:39:56] EDIT shop/modules/rates_lib.py: 0
[2015-03-19 12:42:30] EDIT shop/modules/orders_lib.py: 0
[2015-03-19 12:44:43] EDIT shop/modules/rates_lib.py: 0
[2015-03-19 12:47:53] EDIT shop/modules/rates_lib.py: 3
[2015-03-19 12:50:56] EDIT shop/modules/rates_lib.py: 0
[2015-03-19 12:52:37] EDIT shop/modules/rates_lib.py: 1
[2015-03-19 12:53:25] EDIT shop/modules/rates_lib.py: 0
[2015-03-19 12:58:20] EDIT shop/modules/rates_lib.py: 1
[2015-03-19 12:59:47] EDIT shop/modules/rates_lib.py: 0
[2015-03-19 13:01:26] EDIT shop/modules/rates_lib.py: 0
[2015-03-19 13:05:36] EDIT shop/modules/rates_lib.py: 0
[2015-03-19 13:07:57] EDIT shop/modules/rates_lib.py: 1
[2015-03-19 13:11:44] EDIT shop/modules/rates_lib.py: -12
[2015-03-19 15:30:16] EDIT shop/modules/rates_lib.py: 21
[2015-03-19 15:39:06] EDIT shop/modules/orders_lib.py: 0
[2015-03-19 15:39:25] EDIT shop/modules/orders_lib.py: 0
[2015-03-19 15:39:37] EDIT shop/modules/orders_lib.py: 0
[2015-03-19 15:40:13] EDIT shop/modules/orders_lib.py: 0
[2015-03-19 17:02:53] DELETE shop/controllers/bill_0.py: -423
[2015-03-19 17:13:50] EDIT shop/modules/withdrawal.py: 1
[2015-03-19 17:15:49] EDIT shop/modules/shops_lib.py: 0
[2015-03-19 17:17:26] EDIT shop/modules/crypto_client.py: 0
[2015-03-19 17:27:46] EDIT shop/modules/authproxy_my.py: 0
[2015-03-19 17:37:18] EDIT shop/modules/shops_lib.py: 0
[2015-03-19 17:40:43] EDIT shop/modules/shops_lib.py: 0
[2015-03-19 17:41:46] EDIT shop/modules/shops_lib.py: 0
[2015-03-19 17:41:56] EDIT shop/modules/shops_lib.py: 0
[2015-03-19 17:42:41] EDIT shop/modules/shops_lib.py: 0
[2015-03-19 17:42:54] EDIT shop/modules/shops_lib.py: 0
[2015-03-19 17:48:59] EDIT shop/controllers/shops_priv.py: 1
[2015-03-19 17:57:29] EDIT shop/controllers/shops_priv.py: 5
[2015-03-19 17:58:19] EDIT shop/controllers/shops_priv.py: 0
[2015-03-19 17:58:52] EDIT shop/controllers/shops_priv.py: 0
[2015-03-19 18:00:39] EDIT shop/controllers/shops_priv.py: 0
[2015-03-19 18:01:01] EDIT shop/controllers/shops_priv.py: 0
[2015-03-19 18:02:32] EDIT shop/controllers/shops_priv.py: 2
[2015-03-19 18:05:30] EDIT shop/modules/db_common.py: 0
[2015-03-19 18:08:29] EDIT shop/controllers/shops_priv.py: 4
[2015-03-19 18:11:15] EDIT shop/controllers/shops_priv.py: 4
[2015-03-19 18:11:44] EDIT shop/controllers/shops_priv.py: 0
[2015-03-19 18:13:33] EDIT shop/controllers/shops_priv.py: 3
[2015-03-19 18:15:13] EDIT shop/controllers/shops_priv.py: -1
[2015-03-19 18:16:40] EDIT shop/controllers/shops_priv.py: 0
[2015-03-19 18:18:01] EDIT shop/controllers/shops_priv.py: 1
[2015-03-19 18:18:31] EDIT shop/controllers/shops_priv.py: 1
[2015-03-19 18:19:07] EDIT shop/controllers/shops_priv.py: 0
[2015-03-19 18:19:28] EDIT shop/controllers/shops_priv.py: -1
[2015-03-20 06:53:55] EDIT shop/modules/shops_lib.py: 0
[2015-03-20 06:56:29] EDIT shop/modules/shops_lib.py: 0
[2015-03-20 06:58:10] EDIT shop/modules/shops_lib.py: 1
[2015-03-20 06:59:00] EDIT shop/modules/shops_lib.py: 0
[2015-03-20 07:05:55] EDIT shop/modules/shops_lib.py: 0
[2015-03-20 07:22:20] EDIT shop/modules/serv_block_proc.py: 1
[2015-03-20 07:24:24] EDIT shop/modules/shops_lib.py: 3
[2015-03-20 07:42:58] EDIT shop/modules/serv_block_proc.py: 1
[2015-03-20 07:43:35] EDIT shop/modules/shops_lib.py: 1
[2015-03-20 07:44:06] EDIT shop/modules/shops_lib.py: 0
[2015-03-20 07:44:25] EDIT shop/modules/shops_lib.py: 0
[2015-03-20 07:44:37] EDIT shop/modules/shops_lib.py: -3
[2015-03-20 07:46:07] EDIT shop/modules/shops_lib.py: 0
[2015-03-20 07:50:37] EDIT shop/modules/shops_lib.py: 0
[2015-03-20 07:53:05] EDIT shop/modules/shops_lib.py: 1
[2015-03-20 07:54:19] EDIT shop/modules/shops_lib.py: 0
[2015-03-20 07:55:46] EDIT shop/modules/shops_lib.py: 1
[2015-03-20 07:58:47] EDIT shop/modules/shops_lib.py: 1
[2015-03-20 08:29:04] EDIT shop/modules/common.py: 5
[2015-03-20 08:30:17] EDIT shop/modules/common.py: 0
[2015-03-20 09:07:30] EDIT shop/modules/shops_lib.py: 0
[2015-03-20 10:01:43] EDIT shop/modules/shops_lib.py: 1
[2015-03-20 10:01:49] EDIT shop/modules/shops_lib.py: -1
[2015-03-20 10:02:27] EDIT shop/modules/shops_lib.py: -1
[2015-03-20 10:04:14] EDIT shop/modules/shops_lib.py: 0
[2015-03-20 10:04:42] EDIT shop/modules/shops_lib.py: 0
[2015-03-20 10:25:16] EDIT shop/modules/shops_lib.py: 0
[2015-03-20 10:26:30] EDIT shop/modules/shops_lib.py: 0
[2015-03-20 10:30:14] EDIT shop/modules/shops_lib.py: 3
[2015-03-20 10:30:36] EDIT shop/modules/shops_lib.py: 1
[2015-03-20 10:32:59] EDIT shop/modules/shops_lib.py: 1
[2015-03-20 10:35:02] EDIT shop/modules/shops_lib.py: 0
[2015-03-20 10:37:47] EDIT shop/modules/shops_lib.py: 0
[2015-03-20 10:38:00] EDIT shop/modules/shops_lib.py: 0
[2015-03-20 10:39:09] EDIT shop/modules/shops_lib.py: 0
[2015-03-20 10:39:48] EDIT shop/modules/shops_lib.py: 0
[2015-03-20 10:47:17] EDIT shop/modules/shops_lib.py: -3
[2015-03-20 10:48:06] EDIT shop/modules/shops_lib.py: 0
[2015-03-20 11:04:49] EDIT shop/modules/shops_lib.py: 4
[2015-03-20 11:07:15] EDIT shop/modules/shops_lib.py: 0
[2015-03-20 11:10:59] EDIT shop/modules/shops_lib.py: 0
[2015-03-20 11:31:24] EDIT shop/modules/shops_lib.py: 1
[2015-03-20 11:36:10] EDIT shop/modules/shops_lib.py: 0
[2015-03-20 11:36:58] EDIT shop/modules/shops_lib.py: 0
[2015-03-20 11:40:53] EDIT shop/modules/shops_lib.py: 6
[2015-03-20 11:48:51] EDIT shop/modules/shops_lib.py: 2
[2015-03-20 11:50:35] EDIT shop/modules/shops_lib.py: 0
[2015-03-20 11:51:20] EDIT shop/modules/shops_lib.py: 0
[2015-03-20 11:53:28] EDIT shop/modules/shops_lib.py: 0
[2015-03-20 11:54:12] EDIT shop/modules/shops_lib.py: 0
[2015-03-20 12:05:12] EDIT shop/modules/shops_lib.py: 0
[2015-03-20 12:06:41] EDIT shop/modules/shops_lib.py: 2
[2015-03-20 12:07:17] EDIT shop/modules/shops_lib.py: 2
[2015-03-20 12:11:41] EDIT shop/modules/shops_lib.py: 0
[2015-03-20 12:12:14] EDIT shop/modules/shops_lib.py: 0
[2015-03-20 12:17:27] EDIT shop/modules/shops_lib.py: 0
[2015-03-20 12:19:43] EDIT shop/modules/shops_lib.py: 5
[2015-03-20 12:20:57] EDIT shop/modules/shops_lib.py: -1
[2015-03-20 12:21:17] EDIT shop/modules/shops_lib.py: 0
[2015-03-20 12:21:45] EDIT shop/modules/shops_lib.py: 2
[2015-03-20 12:41:33] EDIT shop/modules/shops_lib.py: 0
[2015-03-20 12:41:39] EDIT shop/modules/shops_lib.py: 0
[2015-03-20 12:43:19] EDIT shop/modules/shops_lib.py: 1
[2015-03-20 12:44:38] EDIT shop/modules/shops_lib.py: 0
[2015-03-20 13:22:39] EDIT shop/modules/shops_lib.py: 0
[2015-03-20 13:28:03] EDIT shop/modules/shops_lib.py: 4
[2015-03-27 10:50:18] EDIT shop/modules/rates_lib.py: 1
[2015-03-27 10:52:46] EDIT shop/modules/serv_rates.py: 0
[2015-03-27 10:55:18] EDIT shop/modules/serv_rates.py: 1
[2015-03-27 10:56:14] EDIT shop/modules/serv_rates.py: 0
[2015-03-29 07:58:54] EDIT shop/modules/orders_lib.py: 0
[2015-03-29 08:04:46] EDIT shop/modules/orders_lib.py: 3
[2015-03-29 08:09:14] EDIT shop/modules/orders_lib.py: 0
[2015-03-29 08:12:40] EDIT shop/modules/orders_lib.py: 3
[2015-03-29 08:19:20] EDIT shop/modules/orders_lib.py: -2
[2015-03-29 08:23:55] EDIT shop/modules/orders_lib.py: 0
[2015-03-29 08:32:13] EDIT shop/modules/orders_lib.py: 0
[2015-03-29 08:34:49] EDIT shop/modules/orders_lib.py: 1
[2015-03-29 08:42:29] EDIT shop/modules/orders_lib.py: 3
[2015-03-29 08:43:42] EDIT shop/modules/orders_lib.py: 0
[2015-03-29 08:44:03] EDIT shop/modules/orders_lib.py: 0
[2015-03-29 08:45:07] EDIT shop/modules/orders_lib.py: 1
[2015-03-29 08:46:12] EDIT shop/modules/orders_lib.py: 0
[2015-03-29 08:47:18] EDIT shop/modules/orders_lib.py: 0
[2015-03-29 08:47:28] EDIT shop/modules/orders_lib.py: 1
[2015-03-29 08:49:21] EDIT shop/modules/orders_lib.py: 3
[2015-03-29 08:56:59] EDIT shop/modules/orders_lib.py: -4
[2015-03-29 09:02:32] EDIT shop/modules/orders_lib.py: 7
[2015-03-29 09:04:43] EDIT shop/modules/orders_lib.py: 1
[2015-03-29 09:06:41] EDIT shop/modules/orders_lib.py: 0
[2015-03-29 09:16:53] EDIT shop/modules/orders_lib.py: 0
[2015-03-29 09:38:06] EDIT shop/controllers/tool_rates.py: 2
[2015-03-29 09:39:04] EDIT shop/controllers/tool_rates.py: 0
[2015-03-29 09:41:25] EDIT shop/modules/orders_lib.py: 0
[2015-03-29 09:41:34] EDIT shop/modules/orders_lib.py: 0
[2015-03-29 09:42:49] EDIT shop/controllers/tool_rates.py: 0
[2015-03-29 09:56:49] EDIT shop/modules/orders_lib.py: 3
[2015-03-29 09:57:09] EDIT shop/modules/orders_lib.py: 0
[2015-04-02 13:24:13] EDIT shop/modules/orders_lib.py: 0
[2015-04-02 13:25:31] EDIT shop/modules/orders_lib.py: 1
[2015-04-02 13:27:45] EDIT shop/modules/orders_lib.py: 1
[2015-04-02 13:29:57] EDIT shop/modules/orders_lib.py: 1
[2015-04-02 13:30:05] EDIT shop/modules/orders_lib.py: 0
[2015-04-02 13:35:19] EDIT shop/modules/orders_lib.py: 4
[2015-04-02 13:38:39] EDIT shop/models/db.py: 1
[2015-04-02 13:39:19] EDIT shop/models/db.py: 1
[2015-04-02 13:40:14] EDIT shop/models/db.py: 1
[2015-04-02 13:45:54] EDIT shop/models/db.py: -1
[2015-04-02 13:51:13] EDIT shop/modules/orders_lib.py: 2
[2015-04-02 14:28:13] EDIT shop/modules/orders_lib.py: 1
[2015-04-02 14:36:59] EDIT shop/modules/orders_lib.py: 2
[2015-04-02 14:37:57] EDIT shop/modules/orders_lib.py: -2
[2015-04-02 14:41:20] EDIT shop/modules/orders_lib.py: -3
[2015-04-02 14:43:38] EDIT shop/modules/orders_lib.py: -6
[2015-04-02 14:46:46] EDIT shop/modules/orders_lib.py: 0
[2015-04-02 14:51:11] EDIT shop/modules/orders_lib.py: -1
[2015-04-02 14:52:39] EDIT shop/modules/orders_lib.py: 0
[2015-04-02 14:53:42] EDIT shop/modules/orders_lib.py: 2
[2015-04-02 14:59:51] EDIT shop/models/db.py: 2
[2015-04-02 14:59:58] EDIT shop/models/db.py: 0
[2015-04-02 15:05:40] EDIT shop/controllers/tools.py: 3
[2015-04-02 15:05:47] EDIT shop/controllers/tools.py: 0
[2015-04-02 15:07:13] EDIT shop/controllers/tools.py: 1
[2015-04-02 15:10:45] EDIT shop/controllers/tools.py: 4
[2015-04-02 15:10:57] EDIT shop/controllers/tools.py: 0
[2015-04-02 15:11:08] EDIT shop/controllers/tools.py: 0
[2015-04-02 15:11:26] EDIT shop/controllers/tools.py: 1
[2015-04-02 15:20:01] EDIT shop/controllers/tools.py: 0
[2015-04-02 15:25:36] EDIT shop/controllers/tools.py: 1
[2015-04-02 15:27:13] EDIT shop/modules/orders_lib.py: 0
[2015-04-02 15:27:22] EDIT shop/modules/orders_lib.py: 0
[2015-04-02 15:30:05] EDIT shop/modules/orders_lib.py: 7
[2015-04-02 15:31:02] EDIT shop/modules/orders_lib.py: 0
[2015-04-02 15:35:25] EDIT shop/modules/orders_lib.py: 1
[2015-04-02 15:37:25] EDIT shop/modules/orders_lib.py: 0
[2015-04-02 15:37:59] EDIT shop/modules/orders_lib.py: 1
[2015-04-02 15:38:49] EDIT shop/modules/orders_lib.py: 1
[2015-04-02 15:40:09] EDIT shop/modules/orders_lib.py: 2
[2015-04-02 15:41:25] EDIT shop/modules/orders_lib.py: 1
[2015-04-02 15:43:13] EDIT shop/modules/orders_lib.py: 1
[2015-04-02 15:43:35] EDIT shop/modules/orders_lib.py: 0
[2015-04-03 07:22:18] EDIT shop/modules/orders_lib.py: 0
[2015-04-03 07:22:46] EDIT shop/modules/orders_lib.py: 0
[2015-04-03 07:24:50] EDIT shop/modules/orders_lib.py: 0
[2015-04-03 07:29:47] EDIT shop/modules/orders_lib.py: 1
[2015-04-03 07:40:02] EDIT shop/models/db.py: 7
[2015-04-03 07:40:16] EDIT shop/models/db.py: 1
[2015-04-03 07:40:55] EDIT shop/models/db.py: -1
[2015-04-03 07:42:05] EDIT shop/models/db.py: 1
[2015-04-03 07:42:38] EDIT shop/models/db.py: 1
[2015-04-03 07:43:03] EDIT shop/models/db.py: -1
[2015-04-03 07:55:38] EDIT shop/modules/serv_block_proc.py: 3
[2015-04-03 07:56:13] EDIT shop/modules/serv_block_proc.py: -1
[2015-04-03 07:56:58] EDIT shop/modules/serv_block_proc.py: 0
[2015-04-03 08:08:58] EDIT shop/modules/serv_block_proc.py: 0
[2015-04-03 08:09:04] EDIT shop/modules/serv_block_proc.py: 0
[2015-04-03 08:10:33] EDIT shop/modules/serv_block_proc.py: 0
[2015-04-03 08:11:06] EDIT shop/modules/serv_block_proc.py: 2
[2015-04-03 08:12:10] EDIT shop/modules/serv_block_proc.py: 0
[2015-04-03 08:41:43] EDIT shop/modules/rates_lib.py: 1
[2015-04-03 08:43:16] EDIT shop/modules/rates_lib.py: 1
[2015-04-03 10:08:46] EDIT shop/modules/orders_lib.py: 1
[2015-04-03 10:11:37] EDIT shop/modules/orders_lib.py: -1
[2015-04-03 10:17:07] EDIT shop/modules/serv_block_proc.py: 0
[2015-04-03 10:17:35] EDIT shop/modules/serv_block_proc.py: 0
[2015-04-03 10:20:58] EDIT shop/modules/serv_block_proc.py: 5
[2015-04-03 10:22:28] EDIT shop/modules/serv_block_proc.py: 0
[2015-04-03 10:23:26] EDIT shop/modules/serv_block_proc.py: 0
[2015-04-03 10:24:57] EDIT shop/modules/serv_block_proc.py: 0
[2015-04-03 10:27:10] EDIT shop/modules/serv_block_proc.py: 0
[2015-04-03 10:28:36] EDIT shop/modules/serv_block_proc.py: 0
[2015-04-03 10:30:30] EDIT shop/modules/serv_block_proc.py: 0
[2015-04-03 10:42:32] EDIT shop/modules/cp_api.py: 5
[2015-04-03 10:43:40] EDIT shop/modules/cp_api.py: 0
[2015-04-03 10:47:59] EDIT shop/models/db.py: 0
[2015-04-03 10:48:06] EDIT shop/modules/serv_block_proc.py: 0
[2015-04-03 10:48:12] EDIT shop/modules/cp_api.py: 0
[2015-04-03 11:06:49] EDIT shop/modules/orders_lib.py: 1
[2015-04-03 11:13:16] EDIT shop/modules/orders_lib.py: 1
[2015-04-03 11:19:42] EDIT shop/modules/orders_lib.py: 2
[2015-04-03 11:21:29] EDIT shop/modules/orders_lib.py: 2
[2015-04-03 11:23:10] EDIT shop/modules/orders_lib.py: 0
[2015-04-03 11:23:26] EDIT shop/modules/orders_lib.py: 0
[2015-04-03 11:23:58] EDIT shop/modules/orders_lib.py: -1
[2015-04-03 11:38:52] EDIT shop/modules/orders_lib.py: 0
[2015-04-03 11:41:48] EDIT shop/modules/orders_lib.py: 0
[2015-04-03 11:43:10] EDIT shop/modules/orders_lib.py: 0
[2015-04-03 11:43:45] EDIT shop/modules/orders_lib.py: 0
[2015-04-03 13:18:33] EDIT shop/modules/orders_lib.py: 0
[2015-04-05 00:15:45] EDIT shop/models/db.py: 1
[2015-04-05 00:16:47] EDIT shop/models/db.py: 9
[2015-04-05 00:17:22] EDIT shop/models/db.py: 0
[2015-04-05 00:18:05] EDIT shop/models/db.py: 0
[2015-04-05 00:19:00] EDIT shop/models/db.py: -1
[2015-04-05 00:21:34] EDIT shop/models/db.py: 0
[2015-04-05 06:43:28] EDIT shop/modules/crypto_client.py: 4
[2015-04-05 06:47:43] EDIT shop/controllers/tools.py: 13
[2015-04-05 06:50:25] EDIT shop/controllers/tools.py: 0
[2015-04-05 06:50:44] EDIT shop/controllers/tools.py: 0
[2015-04-05 06:54:51] EDIT shop/modules/crypto_client.py: 0
[2015-04-05 06:55:43] EDIT shop/controllers/tools.py: 0
[2015-04-05 06:58:01] EDIT shop/modules/crypto_client.py: 0
[2015-04-05 07:11:41] EDIT shop/models/db.py: 1
[2015-04-05 07:13:31] EDIT shop/models/db.py: 0
[2015-04-05 07:14:26] EDIT shop/models/db.py: 1
[2015-04-05 07:15:22] EDIT shop/models/db.py: -1
[2015-04-05 07:54:54] EDIT shop/modules/crypto_client.py: 0
[2015-04-05 07:57:00] EDIT shop/modules/crypto_client.py: 3
[2015-04-05 07:57:57] EDIT shop/modules/crypto_client.py: 0
[2015-04-05 08:01:21] EDIT shop/modules/crypto_client.py: 0
[2015-04-05 08:30:53] EDIT shop/models/db.py: 5
[2015-04-05 08:32:02] EDIT shop/models/db.py: 1
[2015-04-05 08:32:44] EDIT shop/models/db.py: -1
[2015-04-05 09:29:24] EDIT shop/models/db.py: 2
[2015-04-05 09:31:58] EDIT shop/models/db.py: -1
[2015-04-05 18:59:37] EDIT shop/modules/shops_lib.py: 0
[2015-04-05 19:01:13] EDIT shop/modules/shops_lib.py: 0
[2015-04-05 19:01:33] EDIT shop/modules/shops_lib.py: 0
[2015-04-05 19:02:04] EDIT shop/modules/shops_lib.py: 0
[2015-04-05 20:47:17] EDIT shop/modules/wager_lib.py: -98
[2015-04-05 20:47:37] EDIT shop/modules/wager_lib.py: -4
[2015-04-05 20:47:46] EDIT shop/modules/wager_lib.py: -3
[2015-04-05 20:49:01] EDIT shop/modules/wager_lib.py: -1
[2015-04-05 22:06:19] EDIT shop/modules/serv_blocks.py: 0
[2015-04-05 22:11:21] EDIT shop/modules/serv_block_proc.py: 9
[2015-04-05 22:11:50] EDIT shop/modules/wager_lib.py: 0
[2015-04-05 22:12:02] EDIT shop/modules/wager_lib.py: 0
[2015-04-05 22:15:15] EDIT shop/modules/wager_lib.py: 3
[2015-04-05 22:15:35] EDIT shop/modules/wager_lib.py: 0
[2015-04-05 22:16:03] EDIT shop/modules/wager_lib.py: 0
[2015-04-05 22:17:43] EDIT shop/modules/wager_lib.py: 0
[2015-04-05 22:18:41] EDIT shop/modules/wager_lib.py: 0
[2015-04-05 22:19:18] EDIT shop/modules/wager_lib.py: -8
[2015-04-05 22:21:30] EDIT shop/modules/wager_lib.py: -4
[2015-04-05 22:24:06] EDIT shop/modules/wager_lib.py: 8
[2015-04-05 22:27:44] EDIT shop/modules/wager_lib.py: 2
[2015-04-05 22:29:20] EDIT shop/modules/wager_lib.py: 4
[2015-04-05 22:29:57] EDIT shop/modules/wager_lib.py: 0
[2015-04-05 22:32:37] EDIT shop/modules/wager_lib.py: -2
[2015-04-05 22:34:32] EDIT shop/modules/wager_lib.py: 3
[2015-04-05 22:37:05] EDIT shop/modules/wager_lib.py: 0
[2015-04-05 22:44:10] EDIT shop/controllers/tools.py: 12
[2015-04-05 22:46:18] EDIT shop/controllers/tools.py: 3
[2015-04-05 22:46:51] EDIT shop/controllers/tools.py: 0
[2015-04-05 22:47:58] EDIT shop/controllers/tools.py: 0
[2015-04-05 22:49:40] EDIT shop/controllers/tools.py: 0
[2015-04-05 22:50:30] EDIT shop/controllers/tools.py: 0
[2015-04-05 23:01:55] EDIT shop/modules/wager_lib.py: 0
[2015-04-05 23:02:53] EDIT shop/modules/wager_lib.py: 0
[2015-04-05 23:06:45] EDIT shop/modules/wager_lib.py: 0
[2015-04-05 23:09:17] EDIT shop/modules/wager_lib.py: 0
[2015-04-05 23:09:39] EDIT shop/modules/wager_lib.py: 0
[2015-04-05 23:11:36] EDIT shop/modules/wager_lib.py: 3
[2015-04-05 23:12:54] EDIT shop/modules/wager_lib.py: 3
[2015-04-05 23:13:29] EDIT shop/modules/wager_lib.py: 1
[2015-04-05 23:13:43] EDIT shop/modules/wager_lib.py: 0
[2015-04-06 07:08:27] EDIT shop/modules/wager_lib.py: 0
[2015-04-06 07:11:51] EDIT shop/modules/wager_lib.py: 0
[2015-04-06 07:13:38] EDIT shop/modules/wager_lib.py: 0
[2015-04-06 07:14:19] EDIT shop/modules/wager_lib.py: 0
[2015-04-06 07:23:11] EDIT shop/modules/wager_lib.py: 3
[2015-04-06 07:26:43] EDIT shop/modules/crypto_client.py: 1
[2015-04-06 07:27:38] EDIT shop/modules/crypto_client.py: -1
[2015-04-06 07:29:05] EDIT shop/modules/wager_lib.py: 1
[2015-04-06 07:30:32] EDIT shop/modules/wager_lib.py: 0
[2015-04-06 07:30:58] EDIT shop/modules/wager_lib.py: 0
[2015-04-06 07:33:09] EDIT shop/modules/wager_lib.py: 0
[2015-04-06 07:36:28] EDIT shop/controllers/tools.py: 1
[2015-04-06 07:39:21] EDIT shop/controllers/tools.py: 1
[2015-04-06 07:39:43] EDIT shop/controllers/tools.py: 1
[2015-04-06 07:44:06] EDIT shop/controllers/tools.py: 0
[2015-04-06 07:47:50] EDIT shop/modules/serv_block_proc.py: 0
[2015-04-06 07:48:15] EDIT shop/modules/serv_block_proc.py: 1
[2015-04-06 07:49:25] EDIT shop/controllers/tools.py: 1
[2015-04-06 07:51:27] EDIT shop/modules/crypto_client.py: 0
[2015-04-06 07:53:03] EDIT shop/modules/crypto_client.py: 0
[2015-04-06 08:03:52] EDIT shop/modules/wager_lib.py: 0
[2015-04-06 08:07:30] EDIT shop/modules/wager_lib.py: 2
[2015-04-06 08:11:16] EDIT shop/modules/serv_block_proc.py: 0
[2015-04-06 08:22:27] EDIT shop/modules/wager_lib.py: 0
[2015-04-06 08:23:19] EDIT shop/modules/wager_lib.py: 0
[2015-04-06 08:24:58] EDIT shop/modules/serv_block_proc.py: 1
[2015-04-06 08:30:54] EDIT shop/modules/wager_lib.py: 0
[2015-04-06 08:31:58] EDIT shop/modules/wager_lib.py: 0
[2015-04-06 08:32:55] EDIT shop/modules/wager_lib.py: 1
[2015-04-06 08:49:53] EDIT shop/modules/wager_lib.py: 0
[2015-04-06 08:52:03] EDIT shop/modules/wager_lib.py: 0
[2015-04-06 08:53:52] EDIT shop/modules/wager_lib.py: 0
[2015-04-06 08:54:27] EDIT shop/modules/wager_lib.py: 0
[2015-04-06 08:55:55] EDIT shop/modules/wager_lib.py: 1
[2015-04-06 08:57:27] EDIT shop/modules/wager_lib.py: 0
[2015-04-06 08:58:21] EDIT shop/modules/wager_lib.py: -1
[2015-04-06 08:58:37] EDIT shop/modules/wager_lib.py: -2
[2015-04-06 09:02:48] EDIT shop/modules/wager_lib.py: 2
[2015-04-06 09:05:32] EDIT shop/modules/wager_lib.py: 0
[2015-04-06 09:06:37] EDIT shop/modules/wager_lib.py: 0
[2015-04-06 09:15:36] EDIT shop/modules/wager_lib.py: 5
[2015-04-09 19:43:13] EDIT shop/modules/wager_lib.py: 1
[2015-04-09 20:21:29] EDIT shop/modules/cp_api.py: 0
[2015-04-09 20:23:26] EDIT shop/modules/cp_api.py: 0
[2015-04-09 20:23:48] EDIT shop/modules/cp_api.py: 0
[2015-04-09 20:43:20] EDIT shop/modules/wager_lib.py: 2
[2015-04-09 20:43:30] EDIT shop/modules/wager_lib.py: 0
[2015-04-09 20:43:42] EDIT shop/modules/wager_lib.py: 0
[2015-04-09 20:43:48] EDIT shop/modules/wager_lib.py: 0
[2015-04-09 20:44:14] EDIT shop/modules/wager_lib.py: 0
[2015-04-10 10:01:49] EDIT shop/modules/wager_lib.py: 12
[2015-04-10 10:04:53] EDIT shop/modules/wager_lib.py: 7
[2015-04-10 10:08:11] EDIT shop/modules/wager_lib.py: 8
[2015-04-10 10:08:28] EDIT shop/modules/wager_lib.py: 0
[2015-04-10 10:11:02] EDIT shop/modules/wager_lib.py: 7
[2015-04-10 10:29:41] EDIT shop/modules/wager_lib.py: 0
[2015-04-10 10:30:32] EDIT shop/models/db.py: 1
[2015-04-10 10:30:41] EDIT shop/models/db.py: 1
[2015-04-10 10:33:09] EDIT shop/models/db.py: -1
[2015-04-10 10:33:47] EDIT shop/modules/wager_lib.py: 0
[2015-04-10 10:34:20] EDIT shop/modules/wager_lib.py: 0
[2015-04-10 10:37:09] EDIT shop/modules/wager_lib.py: 0
[2015-04-10 10:39:05] EDIT shop/modules/wager_lib.py: 1
[2015-04-10 10:41:06] EDIT shop/modules/wager_lib.py: -1
[2015-04-10 10:50:22] EDIT shop/modules/wager_lib.py: 0
[2015-04-10 10:51:00] EDIT shop/modules/wager_lib.py: 0
[2015-04-10 10:51:55] EDIT shop/modules/wager_lib.py: 0
[2015-04-10 10:52:45] EDIT shop/modules/wager_lib.py: 0
[2015-04-10 10:55:52] EDIT shop/modules/crypto_client.py: 0
[2015-04-10 10:56:33] EDIT shop/modules/wager_lib.py: 1
[2015-04-10 11:01:10] EDIT shop/modules/crypto_client.py: 0
[2015-04-10 11:02:24] EDIT shop/modules/crypto_client.py: 2
[2015-04-10 11:05:31] EDIT shop/modules/crypto_client.py: 0
[2015-04-10 11:06:56] EDIT shop/modules/crypto_client.py: 0
[2015-04-10 11:19:37] EDIT shop/modules/crypto_client.py: 0
[2015-04-10 11:20:02] EDIT shop/modules/crypto_client.py: 0
[2015-04-10 11:27:11] EDIT shop/modules/crypto_client.py: 0
[2015-04-10 11:28:24] EDIT shop/modules/crypto_client.py: 0
[2015-04-10 11:30:10] EDIT shop/modules/crypto_client.py: 1
[2015-04-10 11:32:50] EDIT shop/modules/crypto_client.py: 0
[2015-04-10 11:36:48] EDIT shop/modules/crypto_client.py: 1
[2015-04-10 11:37:29] EDIT shop/modules/crypto_client.py: 0
[2015-04-10 11:39:44] EDIT shop/modules/wager_lib.py: 0
[2015-04-10 11:39:50] EDIT shop/modules/wager_lib.py: 0
[2015-04-10 12:02:20] EDIT shop/modules/crypto_client.py: 6
[2015-04-10 12:03:45] EDIT shop/controllers/tools.py: 13
[2015-04-10 12:03:51] EDIT shop/controllers/tools.py: 0
[2015-04-10 12:05:22] EDIT shop/modules/crypto_client.py: 0
[2015-04-10 12:09:04] EDIT shop/modules/wager_lib.py: -1
[2015-04-10 12:09:39] EDIT shop/modules/wager_lib.py: 2
[2015-04-10 12:11:30] EDIT shop/controllers/tools.py: 0
[2015-04-10 12:14:05] EDIT shop/modules/wager_lib.py: 0
[2015-04-10 12:15:24] EDIT shop/modules/wager_lib.py: 0
[2015-04-10 12:15:34] EDIT shop/modules/wager_lib.py: 0
[2015-04-10 12:16:45] EDIT shop/modules/wager_lib.py: 0
[2015-04-10 12:19:17] EDIT shop/modules/wager_lib.py: 0
[2015-04-10 12:25:23] EDIT shop/modules/wager_lib.py: 0
[2015-04-10 12:26:35] EDIT shop/modules/wager_lib.py: 0
[2015-04-10 12:26:43] EDIT shop/modules/wager_lib.py: 0
[2015-04-10 12:30:09] EDIT shop/modules/wager_lib.py: -1
[2015-04-10 13:48:50] EDIT shop/modules/wager_lib.py: 0
[2015-04-16 20:14:28] EDIT shop/models/db.py: 3
[2015-04-16 20:14:36] EDIT shop/models/db.py: 1
[2015-04-16 20:16:17] EDIT shop/models/db.py: -1
[2015-04-22 11:25:23] EDIT shop/modules/wager_lib.py: 12
[2015-04-22 11:28:26] EDIT shop/modules/wager_lib.py: 1
[2015-04-22 12:28:44] EDIT shop/modules/serv_blocks.py: 1
[2015-04-30 08:48:32] EDIT shop/modules/db_common.py: 0
[2015-05-08 20:01:58] EDIT shop/modules/shops_lib.py: 0
[2015-05-08 20:02:09] EDIT shop/modules/shops_lib.py: 0
[2015-05-08 20:10:48] EDIT shop/modules/shops_lib.py: 0
[2015-05-08 20:42:16] EDIT shop/controllers/api.py: 1
[2015-06-01 21:50:34] EDIT shop/modules/wager_lib.py: 1
[2015-06-01 21:51:25] EDIT shop/modules/wager_lib.py: 1
[2015-06-07 12:19:12] EDIT shop/controllers/default.py: -9
[2015-07-01 16:29:22] EDIT shop/modules/crypto_client.py: 1
[2015-07-01 16:29:41] EDIT shop/modules/crypto_client.py: 1
[2015-07-01 16:31:03] EDIT shop/modules/crypto_client.py: 0
[2015-07-01 16:32:19] EDIT shop/modules/crypto_client.py: 0
[2015-07-01 16:52:04] EDIT shop/modules/crypto_client.py: 8
[2015-07-03 12:42:30] EDIT shop/views/add/start.html: 2
[2015-07-03 12:42:54] EDIT shop/views/add/start.html: 0
[2015-07-03 12:43:15] EDIT shop/views/add/start.html: 0
[2015-07-04 07:53:37] EDIT shop/controllers/tools.py: -15
[2015-07-04 07:54:04] EDIT shop/controllers/tool_rates.py: 15
[2015-07-04 08:06:29] EDIT shop/controllers/tools.py: 0
[2015-07-04 08:09:26] EDIT shop/controllers/tools.py: 2
[2015-07-04 08:09:41] EDIT shop/controllers/tools.py: 2
[2015-07-04 08:15:00] EDIT shop/controllers/tools.py: 1
[2015-07-04 08:15:31] EDIT shop/controllers/tools.py: 1
[2015-07-04 08:27:49] EDIT shop/controllers/tools.py: 2
[2015-07-04 08:31:12] EDIT shop/controllers/tools.py: 3
[2015-07-04 08:59:10] EDIT shop/controllers/tools.py: 2
[2015-07-04 09:00:27] EDIT shop/controllers/tools.py: 2
[2015-07-04 09:02:33] EDIT shop/controllers/tools.py: 3
[2015-07-04 09:09:41] EDIT shop/controllers/tools.py: 0
[2015-07-04 09:11:23] EDIT shop/controllers/tools.py: 0
[2015-07-04 09:14:25] EDIT shop/controllers/tools.py: 2
[2015-07-04 09:21:08] EDIT shop/controllers/tools.py: 0
[2015-07-04 09:24:25] EDIT shop/controllers/tools.py: 8
[2015-07-04 09:25:47] EDIT shop/controllers/tools.py: 1
[2015-07-04 09:26:39] EDIT shop/controllers/tools.py: 0
[2015-07-04 09:30:32] EDIT shop/controllers/tools.py: 1
[2015-07-04 09:30:55] EDIT shop/controllers/tools.py: 0
[2015-07-04 09:31:29] EDIT shop/controllers/tools.py: 0
[2015-07-04 09:32:01] EDIT shop/controllers/tools.py: -1
[2015-07-04 09:32:47] EDIT shop/modules/orders_lib.py: 0
[2015-07-04 23:33:22] EDIT shop/controllers/tools.py: 0
[2015-07-04 23:33:57] EDIT shop/controllers/tools.py: 0
[2015-07-04 23:36:20] EDIT shop/controllers/tools.py: 0
[2015-07-04 23:40:07] EDIT shop/controllers/tools.py: 0
[2015-07-04 23:43:51] EDIT shop/controllers/tools.py: 1
[2015-07-04 23:51:40] EDIT shop/controllers/tools.py: 0
[2015-07-05 00:05:33] EDIT shop/controllers/tools.py: 0
[2015-07-05 00:08:52] EDIT shop/modules/orders_lib.py: 1
[2015-07-05 00:18:24] EDIT shop/modules/orders_lib.py: 0
[2015-07-05 00:22:16] EDIT shop/modules/orders_lib.py: 0
[2015-07-05 00:28:50] EDIT shop/controllers/tools.py: 10
[2015-07-05 00:29:41] EDIT shop/controllers/tools.py: 0
[2015-07-05 00:31:03] EDIT shop/controllers/tools.py: 1
[2015-07-05 00:33:41] EDIT shop/modules/orders_lib.py: 2
[2015-07-05 00:37:26] EDIT shop/modules/crypto_client.py: 0
[2015-07-05 00:39:56] EDIT shop/modules/crypto_client.py: 4
[2015-07-05 00:41:13] EDIT shop/modules/orders_lib.py: 0
[2015-07-05 00:42:16] EDIT shop/modules/orders_lib.py: 0
[2015-07-05 00:44:01] EDIT shop/modules/orders_lib.py: 1
[2015-07-05 00:44:20] EDIT shop/modules/orders_lib.py: 0
[2015-07-05 08:18:40] EDIT shop/modules/crypto_client.py: 0
[2015-08-12 08:18:37] EDIT shop_dvlp/modules/crypto_client.py: 2
[2015-08-12 08:22:05] EDIT shop_dvlp/controllers/tools.py: 0
[2015-08-12 08:24:01] EDIT shop_dvlp/modules/crypto_client.py: 0
[2015-08-12 08:25:59] EDIT shop_dvlp/modules/crypto_client.py: 1
[2015-08-12 08:26:10] EDIT shop_dvlp/modules/crypto_client.py: 0
[2015-08-12 08:27:15] EDIT shop_dvlp/controllers/tools.py: 1
[2015-08-12 08:29:47] EDIT shop_dvlp/controllers/tools.py: 1
[2015-08-12 08:49:36] EDIT shop_dvlp/modules/crypto_client.py: 2
[2015-08-12 09:02:19] EDIT shop_dvlp/modules/crypto_client.py: 0
[2015-08-12 09:02:48] EDIT shop_dvlp/modules/crypto_client.py: 0
[2015-08-18 16:53:44] EDIT shop_dvlp/controllers/shops_priv.py: 8
[2015-08-18 16:56:24] EDIT shop_dvlp/controllers/shops_priv.py: 1
[2015-08-18 16:57:04] EDIT shop_dvlp/controllers/shops_priv.py: 0
[2015-08-18 16:58:12] EDIT shop_dvlp/controllers/shops_priv.py: 1
[2015-08-18 17:01:36] EDIT shop_dvlp/controllers/shops_priv.py: 1
[2015-08-18 17:01:43] EDIT shop_dvlp/controllers/shops_priv.py: 0
[2015-08-18 17:01:51] EDIT shop_dvlp/controllers/shops_priv.py: 0
[2015-08-18 17:03:02] EDIT shop_dvlp/controllers/shops_priv.py: 0
[2015-09-07 08:59:06] EDIT shop_dvlp/modules/serv_rates.py: 4
[2015-09-07 09:00:37] EDIT shop_dvlp/modules/serv_rates.py: 78
[2015-09-07 09:01:32] EDIT shop_dvlp/modules/db_common.py: 2
[2015-09-07 09:01:35] EDIT shop_dvlp/modules/db_common.py: 0
[2015-09-07 09:02:56] EDIT shop_dvlp/modules/serv_rates.py: 2
[2015-09-13 10:48:13] EDIT shop_dvlp/modules/rates_lib.py: 3
[2015-09-13 11:27:30] EDIT shop_dvlp/modules/cp_api.py: -3
[2015-09-13 11:29:50] EDIT shop_dvlp/modules/orders_lib.py: -5
[2015-09-13 11:30:27] EDIT shop_dvlp/modules/orders_lib.py: -2
[2015-09-13 11:30:43] EDIT shop_dvlp/modules/cp_api.py: 0
[2015-09-13 11:32:48] EDIT shop_dvlp/modules/cp_api.py: 0
[2015-09-13 11:34:03] EDIT shop_dvlp/modules/cp_api.py: 2
[2015-09-13 11:34:29] EDIT shop_dvlp/modules/cp_api.py: 0
[2015-09-13 11:40:30] EDIT shop_dvlp/modules/cp_api.py: 0
[2015-09-13 11:41:54] EDIT shop_dvlp/modules/cp_api.py: 0
[2015-09-16 07:07:37] EDIT shop_dvlp/modules/cp_api.py: 0
[2015-09-16 07:12:11] EDIT shop_dvlp/modules/cp_api.py: 0
[2015-09-16 07:12:19] EDIT shop_dvlp/modules/cp_api.py: 0
[2015-09-16 07:15:20] EDIT shop_dvlp/modules/cp_api.py: 0
[2015-09-16 07:15:41] EDIT shop_dvlp/modules/cp_api.py: 1
[2015-09-16 07:20:13] EDIT shop_dvlp/modules/cp_api.py: -1
[2015-09-16 07:23:45] EDIT shop_dvlp/modules/cp_api.py: 1
[2015-09-16 07:24:12] EDIT shop_dvlp/modules/cp_api.py: 0
[2015-09-16 07:25:37] EDIT shop_dvlp/modules/cp_api.py: 0
[2015-09-16 07:26:43] EDIT shop_dvlp/modules/cp_api.py: 1
[2015-09-16 07:29:17] EDIT shop_dvlp/modules/cp_api.py: 0
[2015-09-16 07:30:01] EDIT shop_dvlp/modules/cp_api.py: 0
[2015-09-16 07:30:31] EDIT shop_dvlp/modules/cp_api.py: -1
[2015-09-30 10:34:41] EDIT shop_dvlp/models/db.py: 0
[2015-09-30 10:35:12] EDIT shop_dvlp/models/db.py: 0
[2015-09-30 10:45:48] EDIT shop_dvlp/models/db.py: 0
[2015-09-30 10:46:00] EDIT shop_dvlp/models/db.py: 0
[2015-09-30 10:50:07] EDIT shop_dvlp/models/db.py: 0
[2015-09-30 10:50:36] EDIT shop_dvlp/models/db.py: 1
[2015-09-30 16:39:35] EDIT shop_dvlp/controllers/tools.py: 1
[2015-09-30 16:41:56] EDIT shop_dvlp/controllers/tools.py: 0
[2015-10-02 07:13:45] EDIT shop_dvlp/models/db.py: 0
[2015-10-02 07:14:03] EDIT shop_dvlp/models/db.py: 0
[2015-10-07 18:25:12] EDIT shop_dvlp/modules/serv_rates.py: 0
[2016-02-11 17:31:27] EDIT shop_dvlp/views/default/api_docs.html: 10
[2016-02-11 17:35:22] EDIT shop_dvlp/views/default/api_docs.html: -1
[2016-02-11 17:35:36] EDIT shop_dvlp/views/default/api_docs.html: 0
[2016-02-11 17:37:25] EDIT shop_dvlp/views/default/api_docs.html: 0
[2016-02-24 15:35:34] EDIT shop_dvlp/models/db.py: 1
[2016-02-24 15:45:19] EDIT shop_dvlp/models/db.py: 0
[2016-02-24 15:49:21] EDIT shop_dvlp/models/db.py: 0
[2016-02-24 15:59:47] EDIT shop_dvlp/modules/shops_lib.py: 0
[2016-02-24 16:04:10] EDIT shop_dvlp/modules/shops_lib.py: -2
[2016-02-24 16:09:03] EDIT shop_dvlp/modules/shops_lib.py: 7
[2016-02-24 16:10:04] EDIT shop_dvlp/modules/shops_lib.py: 1
[2016-02-24 16:10:45] EDIT shop_dvlp/modules/shops_lib.py: 0
[2016-02-24 16:12:56] EDIT shop_dvlp/modules/shops_lib.py: 4
[2016-02-24 16:13:29] EDIT shop_dvlp/modules/shops_lib.py: 0
[2016-02-24 16:13:50] EDIT shop_dvlp/modules/shops_lib.py: 0
[2016-02-24 16:14:34] EDIT shop_dvlp/modules/shops_lib.py: -1
[2016-02-24 16:14:48] EDIT shop_dvlp/modules/shops_lib.py: 0
[2016-02-25 08:48:24] EDIT shop_dvlp/modules/shops_lib.py: 0
[2016-02-25 08:50:11] EDIT shop_dvlp/modules/shops_lib.py: 0
[2016-02-25 08:50:46] EDIT shop_dvlp/models/db.py: 0
[2016-02-25 08:50:57] EDIT shop_dvlp/models/db.py: 0
[2016-02-25 09:46:52] EDIT shop_dvlp/modules/shops_lib.py: 0
[2016-02-25 09:48:26] EDIT shop_dvlp/modules/shops_lib.py: 0
[2016-02-25 09:49:06] EDIT shop_dvlp/modules/shops_lib.py: 1
[2016-02-25 09:49:35] EDIT shop_dvlp/modules/shops_lib.py: 1
[2016-02-25 10:46:43] EDIT shop_dvlp/controllers/tool_shops.py: 0
[2016-02-25 10:49:12] EDIT shop_dvlp/controllers/tool_shops.py: -3
[2016-02-25 10:54:32] EDIT shop_dvlp/controllers/tool_shops.py: 6
[2016-02-25 12:56:19] EDIT shop_dvlp/controllers/tool_shops.py: 9
[2016-02-25 13:00:27] EDIT shop_dvlp/controllers/tool_shops.py: 0
[2016-02-25 13:00:35] EDIT shop_dvlp/controllers/tool_shops.py: 0
[2016-02-25 13:01:27] EDIT shop_dvlp/controllers/tool_shops.py: 0
[2016-02-25 13:02:16] EDIT shop_dvlp/controllers/tool_shops.py: 0
[2016-02-25 13:02:59] EDIT shop_dvlp/controllers/tool_shops.py: 0
[2016-02-25 13:03:56] EDIT shop_dvlp/controllers/tool_shops.py: 0
[2016-02-25 13:08:01] EDIT shop_dvlp/controllers/tool_shops.py: 4
[2016-02-25 13:09:32] EDIT shop_dvlp/controllers/tool_shops.py: 0
[2016-02-25 13:11:44] EDIT shop_dvlp/controllers/tool_shops.py: 2
[2016-02-25 13:11:59] EDIT shop_dvlp/controllers/tool_shops.py: 0
[2016-02-25 13:12:49] EDIT shop_dvlp/controllers/tool_shops.py: 0
[2016-02-25 13:13:11] EDIT shop_dvlp/controllers/tool_shops.py: 0
[2016-02-25 13:18:54] EDIT shop_dvlp/controllers/tool_shops.py: 1
[2016-02-25 13:21:03] EDIT shop_dvlp/controllers/tool_shops.py: 0
[2016-02-25 13:21:53] EDIT shop_dvlp/controllers/tool_shops.py: 0
[2016-02-25 13:21:59] EDIT shop_dvlp/controllers/tool_shops.py: 0
[2016-02-25 13:23:03] EDIT shop_dvlp/controllers/tool_shops.py: 0
[2016-02-25 13:23:59] EDIT shop_dvlp/controllers/tool_shops.py: 0
[2016-02-25 13:34:45] EDIT shop_dvlp/controllers/tool_shops.py: 3
[2016-02-25 13:41:20] EDIT shop_dvlp/controllers/tool_shops.py: 0
[2016-02-25 14:07:24] EDIT shop_dvlp/controllers/tool_shops.py: 0
[2016-02-25 14:08:35] EDIT shop_dvlp/controllers/tool_shops.py: 0
[2016-02-25 14:09:31] EDIT shop_dvlp/controllers/tool_shops.py: 0
[2016-02-25 14:09:45] EDIT shop_dvlp/controllers/tool_shops.py: 0
[2016-02-25 14:18:42] EDIT shop_dvlp/controllers/tool_shops.py: 15
[2016-02-25 14:19:01] EDIT shop_dvlp/controllers/tool_shops.py: 0
[2016-02-25 14:19:34] EDIT shop_dvlp/controllers/tool_shops.py: -1
[2016-02-25 14:20:04] EDIT shop_dvlp/controllers/tool_shops.py: 0
[2016-02-25 14:21:18] EDIT shop_dvlp/controllers/tool_shops.py: 0
[2016-02-25 14:21:48] EDIT shop_dvlp/controllers/tool_shops.py: 0
[2016-02-25 14:22:32] EDIT shop_dvlp/controllers/tool_shops.py: 0
[2016-02-25 14:28:56] EDIT shop_dvlp/controllers/tool_shops.py: 0
[2016-02-25 14:29:45] EDIT shop_dvlp/controllers/tool_shops.py: 0
[2016-02-25 14:33:56] EDIT shop_dvlp/controllers/tool_shops.py: 2
[2016-02-25 14:37:08] EDIT shop_dvlp/controllers/tool_shops.py: 3
[2016-02-25 14:37:16] EDIT shop_dvlp/controllers/tool_shops.py: -1
[2016-02-25 14:39:46] EDIT shop_dvlp/controllers/tool_shops.py: 2
[2016-02-25 14:44:21] EDIT shop_dvlp/controllers/tool_shops.py: 5
[2016-02-25 14:44:43] EDIT shop_dvlp/controllers/tool_shops.py: 0
[2016-02-25 14:46:39] EDIT shop_dvlp/controllers/tool_shops.py: 1
[2016-02-25 14:46:55] EDIT shop_dvlp/controllers/tool_shops.py: 0
[2016-02-25 14:47:02] EDIT shop_dvlp/controllers/tool_shops.py: 0
[2016-02-25 14:47:15] EDIT shop_dvlp/controllers/tool_shops.py: 0
[2016-02-25 14:51:44] EDIT shop_dvlp/controllers/tool_shops.py: -5
[2016-02-25 14:58:09] EDIT shop_dvlp/controllers/tool_shops.py: 4
[2016-02-25 15:00:57] EDIT shop_dvlp/controllers/tool_shops.py: -1
[2016-02-25 15:02:33] EDIT shop_dvlp/controllers/tool_shops.py: 0
[2016-02-25 15:04:38] EDIT shop_dvlp/controllers/tool_shops.py: 0
[2016-02-25 15:08:55] EDIT shop_dvlp/controllers/tool_shops.py: 1
[2016-02-25 15:10:18] EDIT shop_dvlp/controllers/tool_shops.py: 0
[2016-02-25 15:16:21] EDIT shop_dvlp/controllers/tool_shops.py: 6
[2016-02-25 15:16:29] EDIT shop_dvlp/controllers/tool_shops.py: 0
[2016-02-25 15:20:54] EDIT shop_dvlp/controllers/tool_shops.py: 0
[2016-02-25 15:24:26] EDIT shop_dvlp/controllers/tool_shops.py: 5
[2016-02-25 15:24:38] EDIT shop_dvlp/controllers/tool_shops.py: 0
[2016-02-25 15:25:09] EDIT shop_dvlp/controllers/tool_shops.py: 0
[2016-02-25 15:25:39] EDIT shop_dvlp/controllers/tool_shops.py: 0
[2016-02-28 09:48:15] EDIT shop_dvlp/modules/shops_lib.py: 0
[2016-02-28 20:26:47] EDIT shop_dvlp/modules/shops_lib.py: 1
[2016-02-28 20:27:06] EDIT shop_dvlp/modules/shops_lib.py: 0
[2016-02-28 20:31:20] EDIT shop_dvlp/modules/shops_lib.py: 0
[2016-03-01 16:55:45] EDIT shop_dvlp/modules/shops_lib.py: 0
[2016-03-01 17:00:22] EDIT shop_dvlp/modules/shops_lib.py: 0
[2016-03-01 17:01:06] EDIT shop_dvlp/modules/shops_lib.py: 1
[2016-03-01 17:02:03] EDIT shop_dvlp/modules/shops_lib.py: 0
[2016-03-01 17:07:04] EDIT shop_dvlp/modules/shops_lib.py: 0
[2016-03-01 17:09:59] EDIT shop_dvlp/modules/shops_lib.py: 1
[2016-03-01 17:10:18] EDIT shop_dvlp/modules/shops_lib.py: 0
[2016-03-01 17:12:05] EDIT shop_dvlp/modules/shops_lib.py: 1
[2016-03-01 17:12:20] EDIT shop_dvlp/modules/shops_lib.py: 0
[2016-03-01 17:13:21] EDIT shop_dvlp/modules/shops_lib.py: 0
[2016-03-01 17:13:41] EDIT shop_dvlp/modules/shops_lib.py: 0
[2016-03-01 17:15:54] EDIT shop_dvlp/modules/shops_lib.py: 1
[2016-03-01 17:16:20] EDIT shop_dvlp/modules/shops_lib.py: 0
[2016-03-01 17:19:02] EDIT shop_dvlp/controllers/tool_shops.py: 10
[2016-03-01 17:19:07] EDIT shop_dvlp/controllers/tools.py: -10
[2016-03-01 17:20:26] EDIT shop_dvlp/controllers/tools.py: 0
[2016-03-01 17:20:36] EDIT shop_dvlp/controllers/tools.py: -1
[2016-03-01 17:30:36] EDIT shop_dvlp/modules/shops_lib.py: 0
[2016-03-01 17:30:56] EDIT shop_dvlp/modules/shops_lib.py: 0
[2016-03-01 18:16:08] EDIT shop_dvlp/modules/serv_block_proc.py: 5
[2016-03-01 18:42:48] EDIT shop_dvlp/controllers/tool_shops.py: 11
[2016-03-01 18:44:28] EDIT shop_dvlp/controllers/tool_shops.py: 0
[2016-03-01 19:20:51] EDIT shop_dvlp/controllers/tool_shops.py: 15
[2016-03-01 22:54:50] EDIT shop_dvlp/controllers/tool_shops.py: 0
[2016-03-01 23:00:26] EDIT shop_dvlp/controllers/tool_shops.py: 0
[2016-03-01 23:01:51] EDIT shop_dvlp/controllers/tool_shops.py: 0
[2016-03-01 23:02:48] EDIT shop_dvlp/controllers/tool_shops.py: 0
[2016-03-01 23:43:29] EDIT shop_dvlp/modules/shops_lib.py: -1
[2016-03-01 23:47:02] EDIT shop_dvlp/controllers/tool_shops.py: 0
[2016-03-01 23:50:39] EDIT shop_dvlp/controllers/tool_shops.py: 0
[2016-03-01 23:56:11] EDIT shop_dvlp/modules/shops_lib.py: 0
[2016-03-02 00:03:49] EDIT shop_dvlp/modules/shops_lib.py: 2
[2016-03-02 00:10:08] EDIT shop_dvlp/modules/shops_lib.py: 1
[2016-03-02 00:12:41] EDIT shop_dvlp/modules/shops_lib.py: 0
[2016-03-02 00:20:37] EDIT shop_dvlp/modules/shops_lib.py: 3
[2016-03-02 00:24:37] EDIT shop_dvlp/modules/shops_lib.py: 0
[2016-03-02 00:25:00] EDIT shop_dvlp/modules/shops_lib.py: 0
[2016-03-02 00:26:56] EDIT shop_dvlp/modules/shops_lib.py: 0
[2016-03-02 00:27:10] EDIT shop_dvlp/modules/shops_lib.py: 0
[2016-03-02 00:33:27] EDIT shop_dvlp/modules/crypto_client.py: 0
[2016-03-02 00:34:53] EDIT shop_dvlp/modules/crypto_client.py: 0
[2016-03-02 00:36:40] EDIT shop_dvlp/modules/crypto_client.py: 0
[2016-03-02 00:43:24] EDIT shop_dvlp/modules/shops_lib.py: 0
[2016-03-02 01:07:00] EDIT shop_dvlp/modules/crypto_client.py: 1
[2016-03-02 01:15:40] EDIT shop_dvlp/modules/shops_lib.py: 0
[2016-03-02 01:31:53] EDIT shop_dvlp/modules/serv_block_proc.py: 1
[2016-03-02 01:43:18] EDIT shop_dvlp/modules/crypto_client.py: 0
[2016-03-02 01:43:49] EDIT shop_dvlp/modules/crypto_client.py: 0
[2016-03-02 01:46:32] EDIT shop_dvlp/modules/crypto_client.py: 0
[2016-03-02 01:48:57] EDIT shop_dvlp/modules/crypto_client.py: 0
[2016-03-02 01:51:48] EDIT shop_dvlp/modules/crypto_client.py: 1
[2016-03-02 01:57:42] EDIT shop_dvlp/modules/crypto_client.py: 1
[2016-03-02 01:58:44] EDIT shop_dvlp/modules/crypto_client.py: 2
[2016-03-02 02:00:07] EDIT shop_dvlp/modules/crypto_client.py: 1
[2016-03-02 02:00:27] EDIT shop_dvlp/modules/crypto_client.py: 0
[2016-03-02 07:06:46] EDIT shop_dvlp/modules/crypto_client.py: 1
[2016-03-02 07:07:33] EDIT shop_dvlp/modules/crypto_client.py: 0
[2016-03-02 07:14:41] EDIT shop_dvlp/modules/shops_lib.py: 0
[2016-03-02 07:16:59] EDIT shop_dvlp/modules/shops_lib.py: 0
[2016-03-02 07:20:18] EDIT shop_dvlp/modules/crypto_client.py: 0
[2016-03-02 07:20:45] EDIT shop_dvlp/modules/crypto_client.py: 0
[2016-03-02 07:22:02] EDIT shop_dvlp/modules/crypto_client.py: 0
[2016-03-02 07:24:18] EDIT shop_dvlp/modules/shops_lib.py: 0
[2016-03-02 07:26:03] EDIT shop_dvlp/modules/shops_lib.py: 0
[2016-03-02 07:29:09] EDIT shop_dvlp/modules/shops_lib.py: 0
[2016-03-02 07:32:41] EDIT shop_dvlp/modules/shops_lib.py: 0
[2016-03-02 07:33:58] EDIT shop_dvlp/modules/shops_lib.py: 0
[2016-03-02 07:41:45] EDIT shop_dvlp/modules/shops_lib.py: 1
[2016-03-02 07:43:07] EDIT shop_dvlp/modules/shops_lib.py: 0
[2016-03-02 07:54:49] EDIT shop_dvlp/modules/shops_lib.py: 0
[2016-03-02 07:55:33] EDIT shop_dvlp/modules/shops_lib.py: 0
[2016-03-02 07:56:09] EDIT shop_dvlp/modules/shops_lib.py: 1
[2016-03-02 07:57:37] EDIT shop_dvlp/modules/shops_lib.py: 2
[2016-03-02 07:57:49] EDIT shop_dvlp/modules/shops_lib.py: 0
[2016-03-02 08:32:20] EDIT shop_dvlp/modules/shops_lib.py: 0
[2016-03-02 08:32:28] EDIT shop_dvlp/modules/shops_lib.py: 0
[2016-03-02 08:38:22] EDIT shop_dvlp/modules/db_common.py: 4
[2016-03-02 08:39:54] EDIT shop_dvlp/modules/shops_lib.py: -3
[2016-03-02 08:41:02] EDIT shop_dvlp/modules/shops_lib.py: 1
[2016-03-02 08:42:19] EDIT shop_dvlp/modules/shops_lib.py: 2
[2016-03-02 08:44:21] EDIT shop_dvlp/modules/shops_lib.py: 0
[2016-03-02 21:32:14] EDIT shop_dvlp/controllers/tool_rates.py: 8
[2016-03-02 21:33:52] EDIT shop_dvlp/controllers/tool_rates.py: 0
[2016-03-02 21:47:56] EDIT shop_dvlp/controllers/tool_rates.py: 2
[2016-03-02 21:49:08] EDIT shop_dvlp/controllers/tool_rates.py: 0
[2016-03-02 21:49:59] EDIT shop_dvlp/controllers/tool_rates.py: 1
[2016-03-02 22:09:25] EDIT shop_dvlp/controllers/tool_rates.py: 2
[2016-03-03 11:13:32] EDIT shop_dvlp/modules/crypto_client.py: 2
[2016-03-03 11:18:09] EDIT shop_dvlp/modules/crypto_client.py: 1
[2016-03-03 11:18:19] EDIT shop_dvlp/modules/crypto_client.py: 0
[2016-03-03 11:30:45] EDIT shop_dvlp/controllers/tool_rates.py: 1
[2016-03-03 11:31:03] EDIT shop_dvlp/controllers/tool_rates.py: 1
[2016-03-03 11:32:49] EDIT shop_dvlp/controllers/tool_rates.py: 5
[2016-03-03 11:36:03] EDIT shop_dvlp/modules/crypto_client.py: 0
[2016-03-20 19:29:50] EDIT shop_dvlp/modules/serv_block_proc.py: 4
[2016-03-26 00:00:36] EDIT shop_dvlp/models/db.py: 0
[2016-03-28 12:14:46] EDIT shop_dvlp/modules/shops_lib.py: 0
[2016-03-28 12:15:13] EDIT shop_dvlp/modules/shops_lib.py: 0
[2016-03-28 12:25:06] EDIT shop_dvlp/modules/shops_lib.py: 4
[2016-03-28 12:29:14] EDIT shop_dvlp/modules/shops_lib.py: 0
[2016-03-28 12:29:24] EDIT shop_dvlp/modules/shops_lib.py: 0
[2016-03-28 12:31:11] EDIT shop_dvlp/modules/shops_lib.py: 0
[2016-03-28 13:15:59] EDIT shop_dvlp/modules/shops_lib.py: 1
[2016-03-28 13:16:41] EDIT shop_dvlp/modules/shops_lib.py: 0
[2016-03-28 13:17:27] EDIT shop_dvlp/modules/shops_lib.py: 2
[2016-03-28 13:18:03] EDIT shop_dvlp/modules/shops_lib.py: 0
[2016-03-28 13:20:29] EDIT shop_dvlp/modules/shops_lib.py: 3
[2016-03-28 13:21:29] EDIT shop_dvlp/modules/shops_lib.py: 0
[2016-03-28 13:22:42] EDIT shop_dvlp/modules/shops_lib.py: 0
[2016-03-28 13:38:23] EDIT shop_dvlp/modules/shops_lib.py: 1
[2016-03-28 13:39:01] EDIT shop_dvlp/modules/shops_lib.py: 0
[2016-03-28 13:42:38] EDIT shop_dvlp/modules/shops_lib.py: 2
[2016-03-28 13:43:12] EDIT shop_dvlp/modules/shops_lib.py: 0
[2016-03-28 13:43:22] EDIT shop_dvlp/modules/shops_lib.py: -1
[2016-03-28 13:45:52] EDIT shop_dvlp/modules/shops_lib.py: 0
[2016-03-28 13:49:22] EDIT shop_dvlp/modules/shops_lib.py: -1
[2016-03-30 08:51:23] EDIT shop_dvlp/modules/serv_blocks.py: 3
[2016-03-30 08:54:03] EDIT shop_dvlp/modules/serv_blocks.py: 1
[2016-03-30 15:54:08] EDIT shop_dvlp/modules/shops_lib.py: 2
[2016-03-30 15:54:30] EDIT shop_dvlp/modules/shops_lib.py: 0
[2016-03-31 12:34:30] EDIT shop_dvlp/models/db.py: 0
[2016-03-31 12:38:57] EDIT shop_dvlp/modules/crypto_client.py: 1
[2016-03-31 12:39:17] EDIT shop_dvlp/modules/crypto_client.py: 0
[2016-03-31 12:39:59] EDIT shop_dvlp/modules/crypto_client.py: 1
[2016-03-31 12:42:53] EDIT shop_dvlp/modules/crypto_client.py: 0
[2016-03-31 12:44:07] EDIT shop_dvlp/modules/crypto_client.py: 0
[2016-03-31 12:56:12] EDIT shop_dvlp/modules/crypto_client.py: 0
[2016-03-31 12:56:59] EDIT shop_dvlp/modules/crypto_client.py: 0
[2016-03-31 13:00:59] EDIT shop_dvlp/modules/crypto_client.py: 1
[2016-03-31 13:01:11] EDIT shop_dvlp/modules/crypto_client.py: 0
[2016-03-31 13:02:20] EDIT shop_dvlp/modules/crypto_client.py: 1
[2016-03-31 13:07:22] EDIT shop_dvlp/modules/crypto_client.py: 3
[2016-03-31 13:10:12] EDIT shop_dvlp/modules/crypto_client.py: 1
[2016-03-31 13:10:57] EDIT shop_dvlp/modules/crypto_client.py: 0
[2016-03-31 13:13:04] EDIT shop_dvlp/modules/crypto_client.py: 0
[2016-03-31 13:16:03] EDIT shop_dvlp/modules/crypto_client.py: 1
[2016-03-31 13:16:41] EDIT shop_dvlp/modules/crypto_client.py: 0
[2016-03-31 13:18:13] EDIT shop_dvlp/modules/crypto_client.py: 0
[2016-03-31 13:23:57] EDIT shop_dvlp/modules/crypto_client.py: 1
[2016-03-31 13:25:28] EDIT shop_dvlp/modules/crypto_client.py: -1
[2016-03-31 13:28:34] EDIT shop_dvlp/modules/crypto_client.py: 1
[2016-03-31 13:42:03] EDIT shop_dvlp/modules/crypto_client.py: 3
[2016-03-31 13:42:46] EDIT shop_dvlp/modules/crypto_client.py: 0
[2016-03-31 13:51:19] EDIT shop_dvlp/modules/crypto_client.py: 0
[2016-03-31 14:09:31] EDIT shop_dvlp/modules/crypto_client.py: 4
[2016-03-31 14:10:48] EDIT shop_dvlp/modules/crypto_client.py: 0
[2016-03-31 14:11:24] EDIT shop_dvlp/modules/crypto_client.py: 0
[2016-03-31 14:11:47] EDIT shop_dvlp/modules/crypto_client.py: 0
[2016-03-31 14:13:09] EDIT shop_dvlp/modules/crypto_client.py: 0
[2016-03-31 14:15:05] EDIT shop_dvlp/modules/crypto_client.py: 0
[2016-03-31 20:51:28] EDIT shop_dvlp/modules/crypto_client.py: 1
[2016-04-01 06:51:34] EDIT shop_dvlp/modules/shops_lib.py: 0
[2016-04-01 06:53:23] EDIT shop_dvlp/modules/shops_lib.py: 1
[2016-04-01 06:53:35] EDIT shop_dvlp/modules/shops_lib.py: 0
[2016-04-01 07:08:40] EDIT shop_dvlp/modules/shops_lib.py: 2
[2016-04-01 07:15:46] EDIT shop_dvlp/modules/serv_blocks.py: 0
[2016-04-01 07:24:46] EDIT shop_dvlp/modules/shops_lib.py: 1
[2016-04-01 07:24:59] EDIT shop_dvlp/modules/shops_lib.py: 0
[2016-04-01 07:44:31] EDIT shop_dvlp/models/db.py: 2
[2016-04-01 07:46:37] EDIT shop_dvlp/models/db.py: 0
[2016-04-01 07:47:22] EDIT shop_dvlp/models/db.py: 0
[2016-04-01 07:48:22] EDIT shop_dvlp/models/db.py: 0
[2016-04-01 07:50:10] EDIT shop_dvlp/models/db.py: -1
[2016-04-01 07:50:19] EDIT shop_dvlp/models/db.py: 0
[2016-04-01 08:02:36] EDIT shop_dvlp/models/db.py: 0
[2016-04-01 08:05:25] EDIT shop_dvlp/models/db.py: 1
[2016-04-01 08:19:00] EDIT shop_dvlp/controllers/tool_shops.py: 22
[2016-04-01 08:19:16] EDIT shop_dvlp/controllers/tool_shops.py: 0
[2016-04-01 08:19:26] EDIT shop_dvlp/controllers/tool_shops.py: 0
[2016-04-01 08:19:47] EDIT shop_dvlp/controllers/tool_shops.py: 0
[2016-04-01 08:19:52] EDIT shop_dvlp/controllers/tool_shops.py: 0
[2016-04-01 08:20:44] EDIT shop_dvlp/controllers/tool_shops.py: 0
[2016-04-01 08:21:29] EDIT shop_dvlp/controllers/tool_shops.py: 0
[2016-04-01 08:25:04] EDIT shop_dvlp/controllers/tool_shops.py: 3
[2016-04-01 08:25:43] EDIT shop_dvlp/controllers/tool_shops.py: 0
[2016-04-01 08:26:12] EDIT shop_dvlp/controllers/tool_shops.py: 1
[2016-04-01 08:27:08] EDIT shop_dvlp/controllers/tool_shops.py: 0
[2016-04-01 08:27:15] EDIT shop_dvlp/controllers/tool_shops.py: 0
[2016-04-01 08:30:14] EDIT shop_dvlp/controllers/tool_shops.py: 1
[2016-04-01 08:30:50] EDIT shop_dvlp/controllers/tool_shops.py: 0
[2016-04-01 08:33:15] EDIT shop_dvlp/controllers/tool_shops.py: 1
[2016-04-01 08:34:45] EDIT shop_dvlp/controllers/tool_shops.py: 2
[2016-04-01 08:36:05] EDIT shop_dvlp/controllers/tool_shops.py: 1
[2016-04-01 08:44:00] EDIT shop_dvlp/modules/crypto_client.py: 0
[2016-04-01 08:48:40] EDIT shop_dvlp/modules/shops_lib.py: 1
[2016-04-01 08:58:00] EDIT shop_dvlp/controllers/tool_shops.py: 16
[2016-04-01 08:58:27] EDIT shop_dvlp/controllers/tool_shops.py: 0
[2016-04-01 09:05:00] EDIT shop_dvlp/controllers/tool_shops.py: 11
[2016-04-01 09:07:25] EDIT shop_dvlp/controllers/tool_shops.py: 5
[2016-04-01 09:09:01] EDIT shop_dvlp/controllers/tool_shops.py: 0
[2016-04-01 09:11:43] EDIT shop_dvlp/controllers/tool_shops.py: 0
[2016-04-01 09:13:19] EDIT shop_dvlp/controllers/tool_shops.py: 1
[2016-04-01 09:18:38] EDIT shop_dvlp/controllers/tool_shops.py: 1
[2016-04-01 09:20:09] EDIT shop_dvlp/controllers/tool_shops.py: 0
[2016-04-01 09:20:25] EDIT shop_dvlp/controllers/tool_shops.py: 0
[2016-04-01 09:20:37] EDIT shop_dvlp/controllers/tool_shops.py: 0
[2016-04-01 09:38:47] EDIT shop_dvlp/controllers/tool_shops.py: 0
[2016-04-01 09:59:43] EDIT shop_dvlp/modules/crypto_client.py: 6
[2016-04-01 10:00:09] EDIT shop_dvlp/modules/crypto_client.py: 0
[2016-04-01 10:07:49] EDIT shop_dvlp/modules/orders_lib.py: 0
[2016-04-01 10:11:40] EDIT shop_dvlp/modules/crypto_client.py: 0
[2016-04-01 10:11:50] EDIT shop_dvlp/modules/orders_lib.py: 0
[2016-04-01 10:14:34] EDIT shop_dvlp/modules/crypto_client.py: 0
[2016-04-01 10:19:01] EDIT shop_dvlp/modules/crypto_client.py: 0
[2016-04-01 10:20:04] EDIT shop_dvlp/modules/crypto_client.py: 0
[2016-04-01 10:22:09] EDIT shop_dvlp/modules/serv_block_proc.py: 0
[2016-04-01 10:23:27] EDIT shop_dvlp/modules/orders_lib.py: 0
[2016-04-01 10:23:33] EDIT shop_dvlp/modules/orders_lib.py: 0
[2016-04-01 10:23:50] EDIT shop_dvlp/modules/orders_lib.py: -2
[2016-04-01 10:24:28] EDIT shop_dvlp/modules/serv_blocks.py: 0
[2016-04-01 10:25:58] EDIT shop_dvlp/modules/shops_lib.py: 0
[2016-04-01 10:26:51] EDIT shop_dvlp/controllers/tool_shops.py: 0
[2016-04-01 10:28:07] EDIT shop_dvlp/modules/cp_api.py: 0
[2016-04-01 10:30:12] EDIT shop_dvlp/modules/db_client.py: 0
[2016-04-01 10:35:24] EDIT shop_dvlp/controllers/api.py: 0
[2016-04-01 11:35:33] EDIT shop_dvlp/modules/crypto_client.py: 0
[2016-04-01 20:51:51] EDIT shop_dvlp/modules/crypto_client.py: 1
[2016-04-01 20:54:56] EDIT shop_dvlp/modules/serv_block_proc.py: 4
[2016-04-01 21:00:25] EDIT shop_dvlp/modules/crypto_client.py: 0
[2016-04-01 21:01:35] EDIT shop_dvlp/modules/crypto_client.py: 0
[2016-04-01 21:03:28] EDIT shop_dvlp/modules/crypto_client.py: 4
[2016-04-01 21:05:37] EDIT shop_dvlp/modules/crypto_client.py: 0
[2016-04-01 21:05:55] EDIT shop_dvlp/modules/crypto_client.py: 0
[2016-04-01 21:08:11] EDIT shop_dvlp/modules/crypto_client.py: 6
[2016-04-01 21:18:06] EDIT shop_dvlp/modules/serv_block_proc.py: 1
[2016-04-01 21:18:15] EDIT shop_dvlp/modules/serv_block_proc.py: 0
[2016-04-01 21:19:47] EDIT shop_dvlp/modules/serv_block_proc.py: 0
[2016-04-02 22:32:13] EDIT shop_dvlp/modules/shops_lib.py: 0
[2016-04-06 13:16:55] EDIT shop/modules/serv_blocks.py: 26
[2016-04-06 13:24:42] EDIT shop/modules/serv_blocks.py: 7
[2016-04-06 13:25:22] EDIT shop/modules/serv_blocks.py: 0
[2016-04-06 13:25:32] EDIT shop/modules/serv_blocks.py: 0
[2016-04-06 13:26:34] EDIT shop/modules/serv_blocks.py: 1
[2016-04-06 13:27:14] EDIT shop/modules/serv_blocks.py: 0
[2016-04-06 13:28:23] EDIT shop/modules/serv_blocks.py: 5
[2016-04-06 13:30:58] EDIT shop/modules/serv_blocks.py: -5
[2016-04-06 15:20:24] EDIT shop/modules/serv_blocks.py: 0
[2016-04-06 15:21:21] EDIT shop/modules/serv_blocks.py: 0
[2016-04-06 15:23:00] EDIT shop/modules/serv_blocks.py: 0
[2016-04-06 15:23:28] EDIT shop/modules/serv_blocks.py: 0
